This file contains any messages produced by compilers while
running configure, to aid debugging if configure makes a mistake.

It was created by fakedmabufsrc configure 1.0, which was
generated by GNU Autoconf 2.69.  Invocation command line was

  $ ./configure 

## --------- ##
## Platform. ##
## --------- ##

hostname = homebox
uname -m = x86_64
uname -r = 5.3.2-acso
uname -s = Linux
uname -v = #1 SMP Tue Oct 1 06:55:49 UTC 2019

/usr/bin/uname -p = x86_64
/bin/uname -X     = unknown

/bin/arch              = x86_64
/usr/bin/arch -k       = unknown
/usr/convex/getsysinfo = unknown
/usr/bin/hostinfo      = unknown
/bin/machine           = unknown
/usr/bin/oslevel       = unknown
/bin/universe          = unknown

PATH: /home/xuw/.local/bin
PATH: /home/xuw/.npm-global/bin
PATH: /home/xuw/bin
PATH: /usr/local/bin
PATH: /home/xuw/.local/bin
PATH: /home/xuw/.npm-global/bin
PATH: /usr/local/sbin
PATH: /usr/local/bin
PATH: /usr/sbin
PATH: /usr/bin
PATH: /sbin
PATH: /bin
PATH: /usr/games
PATH: /usr/local/games
PATH: /snap/bin
PATH: /home/xuw/.fzf/bin


## ----------- ##
## Core tests. ##
## ----------- ##

configure:2221: checking build system type
configure:2235: result: x86_64-pc-linux-gnu
configure:2255: checking host system type
configure:2268: result: x86_64-pc-linux-gnu
configure:2288: checking target system type
configure:2301: result: x86_64-pc-linux-gnu
configure:2343: checking for a BSD-compatible install
configure:2411: result: /usr/bin/install -c
configure:2422: checking whether build environment is sane
configure:2477: result: yes
configure:2626: checking for a thread-safe mkdir -p
configure:2665: result: /usr/bin/mkdir -p
configure:2672: checking for gawk
configure:2688: found /usr/bin/gawk
configure:2699: result: gawk
configure:2710: checking whether make sets $(MAKE)
configure:2732: result: yes
configure:2761: checking whether make supports nested variables
configure:2778: result: yes
configure:2915: checking whether make supports nested variables
configure:2932: result: yes
configure:2991: checking for gcc
configure:3007: found /usr/bin/gcc
configure:3018: result: gcc
configure:3247: checking for C compiler version
configure:3256: gcc --version >&5
gcc (Ubuntu 8.3.0-6ubuntu1) 8.3.0
Copyright (C) 2018 Free Software Foundation, Inc.
This is free software; see the source for copying conditions.  There is NO
warranty; not even for MERCHANTABILITY or FITNESS FOR A PARTICULAR PURPOSE.

configure:3267: $? = 0
configure:3256: gcc -v >&5
Using built-in specs.
COLLECT_GCC=gcc
COLLECT_LTO_WRAPPER=/usr/lib/gcc/x86_64-linux-gnu/8/lto-wrapper
OFFLOAD_TARGET_NAMES=nvptx-none
OFFLOAD_TARGET_DEFAULT=1
Target: x86_64-linux-gnu
Configured with: ../src/configure -v --with-pkgversion='Ubuntu 8.3.0-6ubuntu1' --with-bugurl=file:///usr/share/doc/gcc-8/README.Bugs --enable-languages=c,ada,c++,go,brig,d,fortran,objc,obj-c++ --prefix=/usr --with-gcc-major-version-only --program-suffix=-8 --program-prefix=x86_64-linux-gnu- --enable-shared --enable-linker-build-id --libexecdir=/usr/lib --without-included-gettext --enable-threads=posix --libdir=/usr/lib --enable-nls --enable-bootstrap --enable-clocale=gnu --enable-libstdcxx-debug --enable-libstdcxx-time=yes --with-default-libstdcxx-abi=new --enable-gnu-unique-object --disable-vtable-verify --enable-libmpx --enable-plugin --enable-default-pie --with-system-zlib --with-target-system-zlib --enable-objc-gc=auto --enable-multiarch --disable-werror --with-arch-32=i686 --with-abi=m64 --with-multilib-list=m32,m64,mx32 --enable-multilib --with-tune=generic --enable-offload-targets=nvptx-none --without-cuda-driver --enable-checking=release --build=x86_64-linux-gnu --host=x86_64-linux-gnu --target=x86_64-linux-gnu
Thread model: posix
gcc version 8.3.0 (Ubuntu 8.3.0-6ubuntu1) 
configure:3267: $? = 0
configure:3256: gcc -V >&5
gcc: error: unrecognized command line option '-V'
gcc: fatal error: no input files
compilation terminated.
configure:3267: $? = 1
configure:3256: gcc -qversion >&5
gcc: error: unrecognized command line option '-qversion'; did you mean '--version'?
gcc: fatal error: no input files
compilation terminated.
configure:3267: $? = 1
configure:3287: checking whether the C compiler works
configure:3309: gcc    conftest.c  >&5
configure:3313: $? = 0
configure:3361: result: yes
configure:3364: checking for C compiler default output file name
configure:3366: result: a.out
configure:3372: checking for suffix of executables
configure:3379: gcc -o conftest    conftest.c  >&5
configure:3383: $? = 0
configure:3405: result: 
configure:3427: checking whether we are cross compiling
configure:3435: gcc -o conftest    conftest.c  >&5
configure:3439: $? = 0
configure:3446: ./conftest
configure:3450: $? = 0
configure:3438: result: no
configure:3443: checking for suffix of object files
configure:3465: gcc -c   conftest.c >&5
configure:3469: $? = 0
configure:3490: result: o
configure:3494: checking whether we are using the GNU C compiler
configure:3513: gcc -c   conftest.c >&5
configure:3513: $? = 0
configure:3522: result: yes
configure:3531: checking whether gcc accepts -g
configure:3551: gcc -c -g  conftest.c >&5
configure:3551: $? = 0
configure:3592: result: yes
configure:3609: checking for gcc option to accept ISO C89
configure:3672: gcc  -c -g -O2  conftest.c >&5
configure:3672: $? = 0
configure:3685: result: none needed
configure:3710: checking whether gcc understands -c and -o together
configure:3732: gcc -c conftest.c -o conftest2.o
configure:3735: $? = 0
configure:3732: gcc -c conftest.c -o conftest2.o
configure:3735: $? = 0
configure:3747: result: yes
configure:3767: checking whether make supports the include directive
configure:3782: make -f confmf.GNU && cat confinc.out
this is the am__doit target
configure:3785: $? = 0
configure:3804: result: yes (GNU style)
configure:3829: checking dependency style of gcc
configure:3940: result: gcc3
configure:4002: checking how to print strings
configure:4029: result: printf
configure:4050: checking for a sed that does not truncate output
configure:4114: result: /usr/bin/sed
configure:4132: checking for grep that handles long lines and -e
configure:4190: result: /usr/bin/grep
configure:4195: checking for egrep
configure:4257: result: /usr/bin/grep -E
configure:4262: checking for fgrep
configure:4324: result: /usr/bin/grep -F
configure:4359: checking for ld used by gcc
configure:4426: result: /usr/bin/ld
configure:4433: checking if the linker (/usr/bin/ld) is GNU ld
configure:4448: result: yes
configure:4460: checking for BSD- or MS-compatible name lister (nm)
configure:4514: result: /usr/bin/nm -B
configure:4644: checking the name lister (/usr/bin/nm -B) interface
configure:4651: gcc -c -g -O2  conftest.c >&5
configure:4654: /usr/bin/nm -B "conftest.o"
configure:4657: output
0000000000000000 B some_variable
configure:4658: result: BSD nm
configure:4661: checking whether ln -s works
configure:4665: result: yes
configure:4673: checking the maximum length of command line arguments
configure:4804: result: 1572864
configure:4852: checking how to convert x86_64-pc-linux-gnu file names to x86_64-pc-linux-gnu format
configure:4892: result: func_convert_file_noop
configure:4899: checking how to convert x86_64-pc-linux-gnu file names to toolchain format
configure:4919: result: func_convert_file_noop
configure:4926: checking for /usr/bin/ld option to reload object files
configure:4933: result: -r
configure:5007: checking for objdump
configure:5023: found /usr/bin/objdump
configure:5034: result: objdump
configure:5066: checking how to recognize dependent libraries
configure:5266: result: pass_all
configure:5351: checking for dlltool
configure:5381: result: no
configure:5411: checking how to associate runtime and link libraries
configure:5438: result: printf %s\n
configure:5499: checking for ar
configure:5515: found /usr/bin/ar
configure:5526: result: ar
configure:5563: checking for archiver @FILE support
configure:5580: gcc -c -g -O2  conftest.c >&5
configure:5580: $? = 0
configure:5583: ar cru libconftest.a @conftest.lst >&5
ar: `u' modifier ignored since `D' is the default (see `U')
configure:5586: $? = 0
configure:5591: ar cru libconftest.a @conftest.lst >&5
ar: `u' modifier ignored since `D' is the default (see `U')
ar: conftest.o: No such file or directory
configure:5594: $? = 1
configure:5593: result: @
configure:5651: checking for strip
configure:5667: found /usr/bin/strip
configure:5678: result: strip
configure:5750: checking for ranlib
configure:5766: found /usr/bin/ranlib
configure:5777: result: ranlib
configure:5879: checking command to parse /usr/bin/nm -B output from gcc object
configure:6032: gcc -c -g -O2  conftest.c >&5
configure:6035: $? = 0
configure:6039: /usr/bin/nm -B conftest.o | sed -n -e 's/^.*[	 ]\([ABCDGIRSTW][ABCDGIRSTW]*\)[	 ][	 ]*\([_A-Za-z][_A-Za-z0-9]*\)$/\1 \2 \2/p' | sed '/ __gnu_lto/d' > conftest.nm
configure:6105: gcc -o conftest -g -O2   conftest.c conftstm.o >&5
configure:6108: $? = 0
configure:6146: result: ok
configure:6193: checking for sysroot
configure:6223: result: no
configure:6230: checking for a working dd
configure:6268: result: /usr/bin/dd
configure:6272: checking how to truncate binary pipes
configure:6287: result: /usr/bin/dd bs=4096 count=1
configure:6423: gcc -c -g -O2  conftest.c >&5
configure:6426: $? = 0
configure:6616: checking for mt
configure:6632: found /usr/bin/mt
configure:6643: result: mt
configure:6666: checking if mt is a manifest tool
configure:6672: mt '-?'
configure:6680: result: no
configure:7357: checking how to run the C preprocessor
configure:7388: gcc -E  conftest.c
configure:7388: $? = 0
configure:7402: gcc -E  conftest.c
conftest.c:11:10: fatal error: ac_nonexistent.h: No such file or directory
 #include <ac_nonexistent.h>
          ^~~~~~~~~~~~~~~~~~
compilation terminated.
configure:7402: $? = 1
configure: failed program was:
| /* confdefs.h */
| #define PACKAGE_NAME "fakedmabufsrc"
| #define PACKAGE_TARNAME "fakedmabufsrc"
| #define PACKAGE_VERSION "1.0"
| #define PACKAGE_STRING "fakedmabufsrc 1.0"
| #define PACKAGE_BUGREPORT "sreerenjb@gnome.org"
| #define PACKAGE_URL ""
| #define PACKAGE "fakedmabufsrc"
| #define VERSION "1.0"
| /* end confdefs.h.  */
| #include <ac_nonexistent.h>
configure:7427: result: gcc -E
configure:7447: gcc -E  conftest.c
configure:7447: $? = 0
configure:7461: gcc -E  conftest.c
conftest.c:11:10: fatal error: ac_nonexistent.h: No such file or directory
 #include <ac_nonexistent.h>
          ^~~~~~~~~~~~~~~~~~
compilation terminated.
configure:7461: $? = 1
configure: failed program was:
| /* confdefs.h */
| #define PACKAGE_NAME "fakedmabufsrc"
| #define PACKAGE_TARNAME "fakedmabufsrc"
| #define PACKAGE_VERSION "1.0"
| #define PACKAGE_STRING "fakedmabufsrc 1.0"
| #define PACKAGE_BUGREPORT "sreerenjb@gnome.org"
| #define PACKAGE_URL ""
| #define PACKAGE "fakedmabufsrc"
| #define VERSION "1.0"
| /* end confdefs.h.  */
| #include <ac_nonexistent.h>
configure:7490: checking for ANSI C header files
configure:7510: gcc -c -g -O2  conftest.c >&5
configure:7510: $? = 0
configure:7583: gcc -o conftest -g -O2   conftest.c  >&5
configure:7583: $? = 0
configure:7583: ./conftest
configure:7583: $? = 0
configure:7594: result: yes
configure:7607: checking for sys/types.h
configure:7607: gcc -c -g -O2  conftest.c >&5
configure:7607: $? = 0
configure:7607: result: yes
configure:7607: checking for sys/stat.h
configure:7607: gcc -c -g -O2  conftest.c >&5
configure:7607: $? = 0
configure:7607: result: yes
configure:7607: checking for stdlib.h
configure:7607: gcc -c -g -O2  conftest.c >&5
configure:7607: $? = 0
configure:7607: result: yes
configure:7607: checking for string.h
configure:7607: gcc -c -g -O2  conftest.c >&5
configure:7607: $? = 0
configure:7607: result: yes
configure:7607: checking for memory.h
configure:7607: gcc -c -g -O2  conftest.c >&5
configure:7607: $? = 0
configure:7607: result: yes
configure:7607: checking for strings.h
configure:7607: gcc -c -g -O2  conftest.c >&5
configure:7607: $? = 0
configure:7607: result: yes
configure:7607: checking for inttypes.h
configure:7607: gcc -c -g -O2  conftest.c >&5
configure:7607: $? = 0
configure:7607: result: yes
configure:7607: checking for stdint.h
configure:7607: gcc -c -g -O2  conftest.c >&5
configure:7607: $? = 0
configure:7607: result: yes
configure:7607: checking for unistd.h
configure:7607: gcc -c -g -O2  conftest.c >&5
configure:7607: $? = 0
configure:7607: result: yes
configure:7621: checking for dlfcn.h
configure:7621: gcc -c -g -O2  conftest.c >&5
configure:7621: $? = 0
configure:7621: result: yes
configure:7877: checking for objdir
configure:7892: result: .libs
configure:8156: checking if gcc supports -fno-rtti -fno-exceptions
configure:8174: gcc -c -g -O2  -fno-rtti -fno-exceptions conftest.c >&5
cc1: warning: command line option '-fno-rtti' is valid for C++/ObjC++ but not for C
configure:8178: $? = 0
configure:8191: result: no
configure:8555: checking for gcc option to produce PIC
configure:8562: result: -fPIC -DPIC
configure:8570: checking if gcc PIC flag -fPIC -DPIC works
configure:8588: gcc -c -g -O2  -fPIC -DPIC -DPIC conftest.c >&5
configure:8592: $? = 0
configure:8605: result: yes
configure:8634: checking if gcc static flag -static works
configure:8662: result: yes
configure:8677: checking if gcc supports -c -o file.o
configure:8698: gcc -c -g -O2  -o out/conftest2.o conftest.c >&5
configure:8702: $? = 0
configure:8724: result: yes
configure:8732: checking if gcc supports -c -o file.o
configure:8779: result: yes
configure:8812: checking whether the gcc linker (/usr/bin/ld -m elf_x86_64) supports shared libraries
configure:10075: result: yes
configure:10112: checking whether -lc should be explicitly linked in
configure:10120: gcc -c -g -O2  conftest.c >&5
configure:10123: $? = 0
configure:10138: gcc -shared  -fPIC -DPIC conftest.o  -v -Wl,-soname -Wl,conftest -o conftest 2\>\&1 \| /usr/bin/grep  -lc  \>/dev/null 2\>\&1
configure:10141: $? = 0
configure:10155: result: no
configure:10315: checking dynamic linker characteristics
configure:10896: gcc -o conftest -g -O2   -Wl,-rpath -Wl,/foo conftest.c  >&5
configure:10896: $? = 0
configure:11145: result: GNU/Linux ld.so
configure:11267: checking how to hardcode library paths into programs
configure:11292: result: immediate
configure:11840: checking whether stripping libraries is possible
configure:11845: result: yes
configure:11880: checking if libtool supports shared libraries
configure:11882: result: yes
configure:11885: checking whether to build shared libraries
configure:11910: result: yes
configure:11913: checking whether to build static libraries
configure:11917: result: yes
configure:8784: checking for pkg-config
configure:8802: found /usr/bin/pkg-config
configure:8814: result: /usr/bin/pkg-config
configure:8839: checking pkg-config is at least version 0.9.0
configure:8842: result: yes
configure:8852: checking for GST
configure:8859: $PKG_CONFIG --exists --print-errors "gstreamer-1.0 >= 1.10"
configure:8862: $? = 0
configure:8876: $PKG_CONFIG --exists --print-errors "gstreamer-1.0 >= 1.10"
configure:8879: $? = 0
configure:8937: result: yes
configure:8943: checking for GST_VIDEO
configure:8950: $PKG_CONFIG --exists --print-errors "gstreamer-video-1.0 >= 1.10"
configure:8953: $? = 0
configure:8967: $PKG_CONFIG --exists --print-errors "gstreamer-video-1.0 >= 1.10"
configure:8970: $? = 0
configure:9028: result: yes
configure:9034: checking for GST_BASE
configure:9041: $PKG_CONFIG --exists --print-errors "gstreamer-base-1.0 >= 1.10"
configure:9044: $? = 0
configure:9058: $PKG_CONFIG --exists --print-errors "gstreamer-base-1.0 >= 1.10"
configure:9061: $? = 0
configure:9119: result: yes
configure:9125: checking for GST_ALLOCATORS
configure:9132: $PKG_CONFIG --exists --print-errors "gstreamer-allocators-1.0 >= 1.10"
configure:9135: $? = 0
configure:9149: $PKG_CONFIG --exists --print-errors "gstreamer-allocators-1.0 >= 1.10"
configure:9152: $? = 0
configure:9210: result: yes
configure:9216: checking for KMS_DRM
configure:9223: $PKG_CONFIG --exists --print-errors "libdrm >= 2.4.55"
configure:9226: $? = 0
configure:9240: $PKG_CONFIG --exists --print-errors "libdrm >= 2.4.55"
configure:9243: $? = 0
configure:9281: result: yes
configure:9394: checking that generated files are newer than configure
configure:9400: result: done
configure:9423: creating ./config.status

## ---------------------- ##
## Running config.status. ##
## ---------------------- ##

This file was extended by fakedmabufsrc config.status 1.0, which was
generated by GNU Autoconf 2.69.  Invocation command line was

  CONFIG_FILES    = 
  CONFIG_HEADERS  = 
  CONFIG_LINKS    = 
  CONFIG_COMMANDS = 
  $ ./config.status 

on homebox

config.status:1098: creating Makefile
config.status:1098: creating config.h
config.status:1279: config.h is unchanged
config.status:1327: executing depfiles commands
config.status:1404: cd .       && sed -e '/# am--include-marker/d' Makefile         | make -f - am--depfiles
make: Nothing to be done for 'am--depfiles'.
config.status:1409: $? = 0
config.status:1327: executing libtool commands

## ---------------- ##
## Cache variables. ##
## ---------------- ##

ac_cv_build=x86_64-pc-linux-gnu
ac_cv_c_compiler_gnu=yes
ac_cv_env_CC_set=
ac_cv_env_CC_value=
ac_cv_env_CFLAGS_set=
ac_cv_env_CFLAGS_value=
ac_cv_env_CPPFLAGS_set=
ac_cv_env_CPPFLAGS_value=
ac_cv_env_CPP_set=
ac_cv_env_CPP_value=
ac_cv_env_GST_ALLOCATORS_CFLAGS_set=
ac_cv_env_GST_ALLOCATORS_CFLAGS_value=
ac_cv_env_GST_ALLOCATORS_LIBS_set=
ac_cv_env_GST_ALLOCATORS_LIBS_value=
ac_cv_env_GST_BASE_CFLAGS_set=
ac_cv_env_GST_BASE_CFLAGS_value=
ac_cv_env_GST_BASE_LIBS_set=
ac_cv_env_GST_BASE_LIBS_value=
ac_cv_env_GST_CFLAGS_set=
ac_cv_env_GST_CFLAGS_value=
ac_cv_env_GST_LIBS_set=
ac_cv_env_GST_LIBS_value=
ac_cv_env_GST_VIDEO_CFLAGS_set=
ac_cv_env_GST_VIDEO_CFLAGS_value=
ac_cv_env_GST_VIDEO_LIBS_set=
ac_cv_env_GST_VIDEO_LIBS_value=
ac_cv_env_KMS_DRM_CFLAGS_set=
ac_cv_env_KMS_DRM_CFLAGS_value=
ac_cv_env_KMS_DRM_LIBS_set=
ac_cv_env_KMS_DRM_LIBS_value=
ac_cv_env_LDFLAGS_set=
ac_cv_env_LDFLAGS_value=
ac_cv_env_LIBS_set=
ac_cv_env_LIBS_value=
ac_cv_env_LT_SYS_LIBRARY_PATH_set=
ac_cv_env_LT_SYS_LIBRARY_PATH_value=
ac_cv_env_PKG_CONFIG_LIBDIR_set=
ac_cv_env_PKG_CONFIG_LIBDIR_value=
ac_cv_env_PKG_CONFIG_PATH_set=
ac_cv_env_PKG_CONFIG_PATH_value=
ac_cv_env_PKG_CONFIG_set=
ac_cv_env_PKG_CONFIG_value=
ac_cv_env_build_alias_set=
ac_cv_env_build_alias_value=
ac_cv_env_host_alias_set=
ac_cv_env_host_alias_value=
ac_cv_env_target_alias_set=
ac_cv_env_target_alias_value=
ac_cv_header_dlfcn_h=yes
ac_cv_header_inttypes_h=yes
ac_cv_header_memory_h=yes
ac_cv_header_stdc=yes
ac_cv_header_stdint_h=yes
ac_cv_header_stdlib_h=yes
ac_cv_header_string_h=yes
ac_cv_header_strings_h=yes
ac_cv_header_sys_stat_h=yes
ac_cv_header_sys_types_h=yes
ac_cv_header_unistd_h=yes
ac_cv_host=x86_64-pc-linux-gnu
ac_cv_objext=o
ac_cv_path_EGREP='/usr/bin/grep -E'
ac_cv_path_FGREP='/usr/bin/grep -F'
ac_cv_path_GREP=/usr/bin/grep
ac_cv_path_SED=/usr/bin/sed
ac_cv_path_ac_pt_PKG_CONFIG=/usr/bin/pkg-config
ac_cv_path_install='/usr/bin/install -c'
ac_cv_path_lt_DD=/usr/bin/dd
ac_cv_path_mkdir=/usr/bin/mkdir
ac_cv_prog_AWK=gawk
ac_cv_prog_CPP='gcc -E'
ac_cv_prog_ac_ct_AR=ar
ac_cv_prog_ac_ct_CC=gcc
ac_cv_prog_ac_ct_MANIFEST_TOOL=mt
ac_cv_prog_ac_ct_OBJDUMP=objdump
ac_cv_prog_ac_ct_RANLIB=ranlib
ac_cv_prog_ac_ct_STRIP=strip
ac_cv_prog_cc_c89=
ac_cv_prog_cc_g=yes
ac_cv_prog_make_make_set=yes
ac_cv_target=x86_64-pc-linux-gnu
am_cv_CC_dependencies_compiler_type=gcc3
am_cv_make_support_nested_variables=yes
am_cv_prog_cc_c_o=yes
lt_cv_ar_at_file=@
lt_cv_archive_cmds_need_lc=no
lt_cv_deplibs_check_method=pass_all
lt_cv_file_magic_cmd='$MAGIC_CMD'
lt_cv_file_magic_test_file=
lt_cv_ld_reload_flag=-r
lt_cv_nm_interface='BSD nm'
lt_cv_objdir=.libs
lt_cv_path_LD=/usr/bin/ld
lt_cv_path_NM='/usr/bin/nm -B'
lt_cv_path_mainfest_tool=no
lt_cv_prog_compiler_c_o=yes
lt_cv_prog_compiler_pic='-fPIC -DPIC'
lt_cv_prog_compiler_pic_works=yes
lt_cv_prog_compiler_rtti_exceptions=no
lt_cv_prog_compiler_static_works=yes
lt_cv_prog_gnu_ld=yes
lt_cv_sharedlib_from_linklib_cmd='printf %s\n'
lt_cv_shlibpath_overrides_runpath=yes
lt_cv_sys_global_symbol_pipe='sed -n -e '\''s/^.*[	 ]\([ABCDGIRSTW][ABCDGIRSTW]*\)[	 ][	 ]*\([_A-Za-z][_A-Za-z0-9]*\)$/\1 \2 \2/p'\'' | sed '\''/ __gnu_lto/d'\'''
lt_cv_sys_global_symbol_to_c_name_address='sed -n -e '\''s/^: \(.*\) .*$/  {"\1", (void *) 0},/p'\'' -e '\''s/^[ABCDGIRSTW][ABCDGIRSTW]* .* \(.*\)$/  {"\1", (void *) \&\1},/p'\'''
lt_cv_sys_global_symbol_to_c_name_address_lib_prefix='sed -n -e '\''s/^: \(.*\) .*$/  {"\1", (void *) 0},/p'\'' -e '\''s/^[ABCDGIRSTW][ABCDGIRSTW]* .* \(lib.*\)$/  {"\1", (void *) \&\1},/p'\'' -e '\''s/^[ABCDGIRSTW][ABCDGIRSTW]* .* \(.*\)$/  {"lib\1", (void *) \&\1},/p'\'''
lt_cv_sys_global_symbol_to_cdecl='sed -n -e '\''s/^T .* \(.*\)$/extern int \1();/p'\'' -e '\''s/^[ABCDGIRSTW][ABCDGIRSTW]* .* \(.*\)$/extern char \1;/p'\'''
lt_cv_sys_global_symbol_to_import=
lt_cv_sys_max_cmd_len=1572864
lt_cv_to_host_file_cmd=func_convert_file_noop
lt_cv_to_tool_file_cmd=func_convert_file_noop
lt_cv_truncate_bin='/usr/bin/dd bs=4096 count=1'
pkg_cv_GST_ALLOCATORS_CFLAGS='-pthread -I/usr/include/gstreamer-1.0 -I/usr/include/glib-2.0 -I/usr/lib/x86_64-linux-gnu/glib-2.0/include'
pkg_cv_GST_ALLOCATORS_LIBS='-lgstallocators-1.0 -lgstreamer-1.0 -lgobject-2.0 -lglib-2.0'
pkg_cv_GST_BASE_CFLAGS='-pthread -I/usr/include/gstreamer-1.0 -I/usr/include/glib-2.0 -I/usr/lib/x86_64-linux-gnu/glib-2.0/include'
pkg_cv_GST_BASE_LIBS='-lgstbase-1.0 -lgstreamer-1.0 -lgobject-2.0 -lglib-2.0'
pkg_cv_GST_CFLAGS='-pthread -I/usr/include/gstreamer-1.0 -I/usr/include/glib-2.0 -I/usr/lib/x86_64-linux-gnu/glib-2.0/include'
pkg_cv_GST_LIBS='-lgstreamer-1.0 -lgobject-2.0 -lglib-2.0'
pkg_cv_GST_VIDEO_CFLAGS='-pthread -I/usr/include/gstreamer-1.0 -I/usr/include/orc-0.4 -I/usr/include/gstreamer-1.0 -I/usr/include/glib-2.0 -I/usr/lib/x86_64-linux-gnu/glib-2.0/include'
pkg_cv_GST_VIDEO_LIBS='-lgstvideo-1.0 -lgstbase-1.0 -lgstreamer-1.0 -lgobject-2.0 -lglib-2.0'
pkg_cv_KMS_DRM_CFLAGS=-I/usr/include/libdrm
pkg_cv_KMS_DRM_LIBS=-ldrm

## ----------------- ##
## Output variables. ##
## ----------------- ##

ACLOCAL='${SHELL} /home/xuw/code/c/drm/fakedmabufsrc/build-aux/missing aclocal-1.16'
AMDEPBACKSLASH='\'
AMDEP_FALSE='#'
AMDEP_TRUE=''
AMTAR='$${TAR-tar}'
AM_BACKSLASH='\'
AM_DEFAULT_V='$(AM_DEFAULT_VERBOSITY)'
AM_DEFAULT_VERBOSITY='0'
AM_V='$(V)'
AR='ar'
AUTOCONF='${SHELL} /home/xuw/code/c/drm/fakedmabufsrc/build-aux/missing autoconf'
AUTOHEADER='${SHELL} /home/xuw/code/c/drm/fakedmabufsrc/build-aux/missing autoheader'
AUTOMAKE='${SHELL} /home/xuw/code/c/drm/fakedmabufsrc/build-aux/missing automake-1.16'
AWK='gawk'
CC='gcc'
CCDEPMODE='depmode=gcc3'
CFLAGS='-g -O2'
CPP='gcc -E'
CPPFLAGS=''
CYGPATH_W='echo'
DEFS='-DHAVE_CONFIG_H'
DEPDIR='.deps'
DLLTOOL='false'
DSYMUTIL=''
DUMPBIN=''
ECHO_C=''
ECHO_N='-n'
ECHO_T=''
EGREP='/usr/bin/grep -E'
EXEEXT=''
FGREP='/usr/bin/grep -F'
GREP='/usr/bin/grep'
GST_ALLOCATORS_CFLAGS='-pthread -I/usr/include/gstreamer-1.0 -I/usr/include/glib-2.0 -I/usr/lib/x86_64-linux-gnu/glib-2.0/include'
GST_ALLOCATORS_LIBS='-lgstallocators-1.0 -lgstreamer-1.0 -lgobject-2.0 -lglib-2.0'
GST_BASE_CFLAGS='-pthread -I/usr/include/gstreamer-1.0 -I/usr/include/glib-2.0 -I/usr/lib/x86_64-linux-gnu/glib-2.0/include'
GST_BASE_LIBS='-lgstbase-1.0 -lgstreamer-1.0 -lgobject-2.0 -lglib-2.0'
GST_CFLAGS='-pthread -I/usr/include/gstreamer-1.0 -I/usr/include/glib-2.0 -I/usr/lib/x86_64-linux-gnu/glib-2.0/include'
GST_LIBS='-lgstreamer-1.0 -lgobject-2.0 -lglib-2.0'
GST_VIDEO_CFLAGS='-pthread -I/usr/include/gstreamer-1.0 -I/usr/include/orc-0.4 -I/usr/include/gstreamer-1.0 -I/usr/include/glib-2.0 -I/usr/lib/x86_64-linux-gnu/glib-2.0/include'
GST_VIDEO_LIBS='-lgstvideo-1.0 -lgstbase-1.0 -lgstreamer-1.0 -lgobject-2.0 -lglib-2.0'
INSTALL_DATA='${INSTALL} -m 644'
INSTALL_PROGRAM='${INSTALL}'
INSTALL_SCRIPT='${INSTALL}'
INSTALL_STRIP_PROGRAM='$(install_sh) -c -s'
KMS_DRM_CFLAGS='-I/usr/include/libdrm'
KMS_DRM_LIBS='-ldrm'
LD='/usr/bin/ld -m elf_x86_64'
LDFLAGS=''
LIBOBJS=''
LIBS=''
LIBTOOL='$(SHELL) $(top_builddir)/libtool'
LIPO=''
LN_S='ln -s'
LTLIBOBJS=''
LT_SYS_LIBRARY_PATH=''
MAKEINFO='${SHELL} /home/xuw/code/c/drm/fakedmabufsrc/build-aux/missing makeinfo'
MANIFEST_TOOL=':'
MKDIR_P='/usr/bin/mkdir -p'
NM='/usr/bin/nm -B'
NMEDIT=''
OBJDUMP='objdump'
OBJEXT='o'
OTOOL64=''
OTOOL=''
PACKAGE='fakedmabufsrc'
PACKAGE_BUGREPORT='sreerenjb@gnome.org'
PACKAGE_NAME='fakedmabufsrc'
PACKAGE_STRING='fakedmabufsrc 1.0'
PACKAGE_TARNAME='fakedmabufsrc'
PACKAGE_URL=''
PACKAGE_VERSION='1.0'
PATH_SEPARATOR=':'
PKG_CONFIG='/usr/bin/pkg-config'
PKG_CONFIG_LIBDIR=''
PKG_CONFIG_PATH=''
RANLIB='ranlib'
SED='/usr/bin/sed'
SET_MAKE=''
SHELL='/bin/bash'
STRIP='strip'
VERSION='1.0'
ac_ct_AR='ar'
ac_ct_CC='gcc'
ac_ct_DUMPBIN=''
am__EXEEXT_FALSE=''
am__EXEEXT_TRUE='#'
am__fastdepCC_FALSE='#'
am__fastdepCC_TRUE=''
am__include='include'
am__isrc=''
am__leading_dot='.'
am__nodep='_no'
am__quote=''
am__tar='$${TAR-tar} chof - "$$tardir"'
am__untar='$${TAR-tar} xf -'
bindir='${exec_prefix}/bin'
build='x86_64-pc-linux-gnu'
build_alias=''
build_cpu='x86_64'
build_os='linux-gnu'
build_vendor='pc'
datadir='${datarootdir}'
datarootdir='${prefix}/share'
docdir='${datarootdir}/doc/${PACKAGE_TARNAME}'
dvidir='${docdir}'
exec_prefix='${prefix}'
host='x86_64-pc-linux-gnu'
host_alias=''
host_cpu='x86_64'
host_os='linux-gnu'
host_vendor='pc'
htmldir='${docdir}'
includedir='${prefix}/include'
infodir='${datarootdir}/info'
install_sh='${SHELL} /home/xuw/code/c/drm/fakedmabufsrc/build-aux/install-sh'
libdir='${exec_prefix}/lib'
libexecdir='${exec_prefix}/libexec'
localedir='${datarootdir}/locale'
localstatedir='${prefix}/var'
mandir='${datarootdir}/man'
mkdir_p='$(MKDIR_P)'
oldincludedir='/usr/include'
pdfdir='${docdir}'
prefix='/usr/local'
program_transform_name='s,x,x,'
psdir='${docdir}'
runstatedir='${localstatedir}/run'
sbindir='${exec_prefix}/sbin'
sharedstatedir='${prefix}/com'
sysconfdir='${prefix}/etc'
target='x86_64-pc-linux-gnu'
target_alias=''
target_cpu='x86_64'
target_os='linux-gnu'
target_vendor='pc'

## ----------- ##
## confdefs.h. ##
## ----------- ##

/* confdefs.h */
#define PACKAGE_NAME "fakedmabufsrc"
#define PACKAGE_TARNAME "fakedmabufsrc"
#define PACKAGE_VERSION "1.0"
#define PACKAGE_STRING "fakedmabufsrc 1.0"
#define PACKAGE_BUGREPORT "sreerenjb@gnome.org"
#define PACKAGE_URL ""
#define PACKAGE "fakedmabufsrc"
#define VERSION "1.0"
#define STDC_HEADERS 1
#define HAVE_SYS_TYPES_H 1
#define HAVE_SYS_STAT_H 1
#define HAVE_STDLIB_H 1
#define HAVE_STRING_H 1
#define HAVE_MEMORY_H 1
#define HAVE_STRINGS_H 1
#define HAVE_INTTYPES_H 1
#define HAVE_STDINT_H 1
#define HAVE_UNISTD_H 1
#define HAVE_DLFCN_H 1
#define LT_OBJDIR ".libs/"

configure: exit 0
